#
# There is insufficient memory for the Java Runtime Environment to continue.
# Native memory allocation (malloc) failed to allocate 1048576 bytes for AllocateHeap
# Possible reasons:
#   The system is out of physical RAM or swap space
#   The process is running with CompressedOops enabled, and the Java Heap may be blocking the growth of the native heap
# Possible solutions:
#   Reduce memory load on the system
#   Increase physical memory or swap space
#   Check if swap backing store is full
#   Decrease Java heap size (-Xmx/-Xms)
#   Decrease number of Java threads
#   Decrease Java thread stack sizes (-Xss)
#   Set larger code cache with -XX:ReservedCodeCacheSize=
#   JVM is running with Unscaled Compressed Oops mode in which the Java heap is
#     placed in the first 4GB address space. The Java Heap base address is the
#     maximum limit for the native heap growth. Please use -XX:HeapBaseMinAddress
#     to set the Java Heap base and to place the Java Heap above 4GB virtual address.
# This output file may be truncated or incomplete.
#
#  Out of Memory Error (memory/allocation.inline.hpp:61), pid=20832, tid=0x00000000000051ac
#
# JRE version:  (8.0_241-b07) (build )
# Java VM: Java HotSpot(TM) 64-Bit Server VM (25.241-b07 mixed mode windows-amd64 compressed oops)
# Failed to write core dump. Minidumps are not enabled by default on client versions of Windows
#

---------------  T H R E A D  ---------------

Current thread (0x0000000002b72800):  JavaThread "Unknown thread" [_thread_in_vm, id=20908, stack(0x0000000002a00000,0x0000000002b00000)]

Stack: [0x0000000002a00000,0x0000000002b00000]
[error occurred during error reporting (printing stack bounds), id 0xc0000005]

Native frames: (J=compiled Java code, j=interpreted, Vv=VM code, C=native code)


---------------  P R O C E S S  ---------------

Java Threads: ( => current thread )

Other Threads:

=>0x0000000002b72800 (exited) JavaThread "Unknown thread" [_thread_in_vm, id=20908, stack(0x0000000002a00000,0x0000000002b00000)]

VM state:not at safepoint (normal execution)

VM Mutex/Monitor currently owned by a thread: None

heap address: 0x00000000fc000000, size: 64 MB, Compressed Oops mode: 32-bit
Narrow klass base: 0x0000000000000000, Narrow klass shift: 3
Compressed class space size: 1073741824 Address: 0x0000000100000000

Heap:
 PSYoungGen      total 18944K, used 327K [0x00000000feb00000, 0x0000000100000000, 0x0000000100000000)
  eden space 16384K, 2% used [0x00000000feb00000,0x00000000feb51ec8,0x00000000ffb00000)
  from space 2560K, 0% used [0x00000000ffd80000,0x00000000ffd80000,0x0000000100000000)
  to   space 2560K, 0% used [0x00000000ffb00000,0x00000000ffb00000,0x00000000ffd80000)
 ParOldGen       total 44032K, used 0K [0x00000000fc000000, 0x00000000feb00000, 0x00000000feb00000)
  object space 44032K, 0% used [0x00000000fc000000,0x00000000fc000000,0x00000000feb00000)
 Metaspace       used 776K, capacity 4480K, committed 4480K, reserved 1056768K
  class space    used 76K, capacity 384K, committed 384K, reserved 1048576K

Card table byte_map: [0x0000000000e00000,0x0000000000e30000] byte_map_base: 0x0000000000620000

Marking Bits: (ParMarkBitMap*) 0x0000000059dfbe30
 Begin Bits: [0x00000000122f0000, 0x00000000123f0000)
 End Bits:   [0x00000000123f0000, 0x00000000124f0000)

Polling page: 0x0000000000dd0000

CodeCache: size=245760Kb used=327Kb max_used=327Kb free=245432Kb
 bounds [0x0000000002d30000, 0x0000000002fa0000, 0x0000000011d30000]
 total_blobs=57 nmethods=0 adapters=38
 compilation: enabled

Compilation events (0 events):
No events

GC Heap History (0 events):
No events

Deoptimization events (0 events):
No events

Classes redefined (0 events):
No events

Internal exceptions (0 events):
No events

Events (10 events):
Event: 0.117 loading class java/lang/Short
Event: 0.117 loading class java/lang/Short done
Event: 0.117 loading class java/lang/Integer
Event: 0.118 loading class java/lang/Integer done
Event: 0.118 loading class java/lang/Long
Event: 0.118 loading class java/lang/Long done
Event: 0.120 loading class java/lang/NullPointerException
Event: 0.120 loading class java/lang/NullPointerException done
Event: 0.120 loading class java/lang/ArithmeticException
Event: 0.120 loading class java/lang/ArithmeticException done


Dynamic libraries:
0x00007ff71fe00000 - 0x00007ff71fe37000 	C:\Program Files\java\jdk1.8.0_241\bin\java.exe
0x00007ffdf82c0000 - 0x00007ffdf84b0000 	C:\WINDOWS\SYSTEM32\ntdll.dll
0x00007ffdf7960000 - 0x00007ffdf7a12000 	C:\WINDOWS\System32\KERNEL32.DLL
0x00007ffdf5460000 - 0x00007ffdf5703000 	C:\WINDOWS\System32\KERNELBASE.dll
0x00007ffdf76c0000 - 0x00007ffdf7763000 	C:\WINDOWS\System32\ADVAPI32.dll
0x00007ffdf7620000 - 0x00007ffdf76be000 	C:\WINDOWS\System32\msvcrt.dll
0x00007ffdf6500000 - 0x00007ffdf6597000 	C:\WINDOWS\System32\sechost.dll
0x00007ffdf73e0000 - 0x00007ffdf7500000 	C:\WINDOWS\System32\RPCRT4.dll
0x00007ffdf7a20000 - 0x00007ffdf7bb4000 	C:\WINDOWS\System32\USER32.dll
0x00007ffdf52d0000 - 0x00007ffdf52f1000 	C:\WINDOWS\System32\win32u.dll
0x00007ffdf75d0000 - 0x00007ffdf75f6000 	C:\WINDOWS\System32\GDI32.dll
0x00007ffdf5ad0000 - 0x00007ffdf5c64000 	C:\WINDOWS\System32\gdi32full.dll
0x00007ffdf5930000 - 0x00007ffdf59ce000 	C:\WINDOWS\System32\msvcp_win.dll
0x00007ffdf59d0000 - 0x00007ffdf5aca000 	C:\WINDOWS\System32\ucrtbase.dll
0x00007ffde8a50000 - 0x00007ffde8cd5000 	C:\WINDOWS\WinSxS\amd64_microsoft.windows.common-controls_6595b64144ccf1df_6.0.18362.778_none_e6c6b761130d4fb8\COMCTL32.dll
0x00007ffdf68b0000 - 0x00007ffdf6be6000 	C:\WINDOWS\System32\combase.dll
0x00007ffdf58b0000 - 0x00007ffdf5930000 	C:\WINDOWS\System32\bcryptPrimitives.dll
0x00007ffdf7bc0000 - 0x00007ffdf7bee000 	C:\WINDOWS\System32\IMM32.DLL
0x0000000059e80000 - 0x0000000059f52000 	C:\Program Files\java\jdk1.8.0_241\jre\bin\msvcr100.dll
0x00000000595d0000 - 0x0000000059e7c000 	C:\Program Files\java\jdk1.8.0_241\jre\bin\server\jvm.dll
0x00007ffdf7600000 - 0x00007ffdf7608000 	C:\WINDOWS\System32\PSAPI.DLL
0x00007ffde7b80000 - 0x00007ffde7b89000 	C:\WINDOWS\SYSTEM32\WSOCK32.dll
0x00007ffdf8120000 - 0x00007ffdf818f000 	C:\WINDOWS\System32\WS2_32.dll
0x00007ffdf3180000 - 0x00007ffdf31a4000 	C:\WINDOWS\SYSTEM32\WINMM.dll
0x00007ffdee040000 - 0x00007ffdee04a000 	C:\WINDOWS\SYSTEM32\VERSION.dll
0x00007ffdf3150000 - 0x00007ffdf317d000 	C:\WINDOWS\SYSTEM32\WINMMBASE.dll
0x00007ffdf5860000 - 0x00007ffdf58aa000 	C:\WINDOWS\System32\cfgmgr32.dll
0x00007ffdf1ad0000 - 0x00007ffdf1adf000 	C:\Program Files\java\jdk1.8.0_241\jre\bin\verify.dll
0x00007ffded000000 - 0x00007ffded029000 	C:\Program Files\java\jdk1.8.0_241\jre\bin\java.dll
0x00007ffde9d60000 - 0x00007ffde9d76000 	C:\Program Files\java\jdk1.8.0_241\jre\bin\zip.dll

VM Arguments:
jvm_args: -Xmx64m -Xms64m -Dorg.gradle.appname=gradlew 
java_command: org.gradle.wrapper.GradleWrapperMain cdvBuildDebug -b D:\Stirling Uni Work\mobile financial apps\Assignment\app\platforms\android\build.gradle
java_class_path (initial): D:\Stirling Uni Work\mobile financial apps\Assignment\app\platforms\android\\gradle\wrapper\gradle-wrapper.jar
Launcher Type: SUN_STANDARD

Environment Variables:
JAVA_HOME=C:\Program Files\java\jdk1.8.0_241
CLASSPATH=D:\Stirling Uni Work\mobile financial apps\Assignment\app\platforms\android\\gradle\wrapper\gradle-wrapper.jar
PATH=C:\Program Files (x86)\Common Files\Oracle\Java\javapath;C:\WINDOWS\system32;C:\WINDOWS;C:\WINDOWS\System32\Wbem;C:\WINDOWS\System32\WindowsPowerShell\v1.0\;C:\Program Files\nodejs\;C:\Program Files\Microsoft VS Code\bin;C:\xampp7\php;C:\ProgramData\ComposerSetup\bin;C:\Program Files\PuTTY\;C:\WINDOWS\System32\OpenSSH\;C:\Program Files\Git\cmd;C:\Users\TIMOTHY\AppData\Local\Android\Sdk\platform-tools;C:\Users\TIMOTHY\AppData\Local\Android\Sdk\build-tools;C:\gradle-3.2.1\bin;C:\Program Files (x86)\Common Files\Oracle\Java\javapath;C:\WINDOWS\system32;C:\WINDOWS;C:\WINDOWS\System32\Wbem;C:\WINDOWS\System32\WindowsPowerShell\v1.0\;C:\Program Files\nodejs\;C:\Program Files\Microsoft VS Code\bin;C:\xampp7\php;C:\ProgramData\ComposerSetup\bin;C:\Program Files\PuTTY\;C:\WINDOWS\System32\OpenSSH\;C:\Program Files\Git\cmd;C:\Users\TIMOTHY\AppData\Local\Android\Sdk\platform-tools;C:\Users\TIMOTHY\AppData\Local\Android\Sdk\build-tools;C:\gradle-3.2.1\bin;;C:\Users\TIMOTHY\AppData\Roaming\npm;C:\Program Files\java\jdk1.8.0_241\bin;C:\Users\TIMOTHY\AppData\Local\Android\Sdk\tools;C:\Users\TIMOTHY\AppData\Local\Android\Sdk\tools\bin
USERNAME=TIMOTHY
OS=Windows_NT
PROCESSOR_IDENTIFIER=Intel64 Family 6 Model 55 Stepping 8, GenuineIntel



---------------  S Y S T E M  ---------------

OS: Windows 10.0 , 64 bit Build 18362 (10.0.18362.778)

CPU:total 2 (initial active 2) (2 cores per cpu, 1 threads per core) family 6 model 55 stepping 8, cmov, cx8, fxsr, mmx, sse, sse2, sse3, ssse3, sse4.1, sse4.2, popcnt, clmul, erms, 3dnowpref, tsc, tscinvbit

Memory: 4k page, physical 4083568k(524256k free), swap 16666480k(5372k free)

vm_info: Java HotSpot(TM) 64-Bit Server VM (25.241-b07) for windows-amd64 JRE (1.8.0_241-b07), built on Dec 11 2019 10:21:40 by "rejava" with MS VC++ 10.0 (VS2010)

time: Tue May 05 12:15:25 2020
timezone: GMT Daylight Time
elapsed time: 0 seconds (0d 0h 0m 0s)

